Using pre-set license
Built from '2020.3/release' branch; Version is '2020.3.15f2 (6cf78cb77498) revision 7141260'; Using compiler version '192528614'; Build Type 'Release'
OS: 'Windows 10 Pro; OS build 22000.176; Version 2009; 64bit' Language: 'en' Physical Memory: 3976 MB
BatchMode: 1, IsHumanControllingUs: 0, StartBugReporterOnCrash: 0, Is64bit: 1, IsPro: 0

 COMMAND LINE ARGUMENTS:
C:\Program Files\Unity\Hub\Editor\2020.3.15f2\Editor\Unity.exe
-adb2
-batchMode
-noUpm
-name
AssetImportWorker1
-projectPath
C:/Users/Mandy/Documents/GitHub/race-game/RacingGame
-logFile
Logs/AssetImportWorker1.log
-srvPort
55757
Successfully changed project path to: C:/Users/Mandy/Documents/GitHub/race-game/RacingGame
C:/Users/Mandy/Documents/GitHub/race-game/RacingGame
Using Asset Import Pipeline V2.
Refreshing native plugins compatible for Editor in 96.73 ms, found 3 plugins.
Preloading 0 native plugins for Editor in 0.00 ms.
Initialize engine version: 2020.3.15f2 (6cf78cb77498)
[Subsystems] Discovering subsystems at path C:/Program Files/Unity/Hub/Editor/2020.3.15f2/Editor/Data/Resources/UnitySubsystems
[Subsystems] Discovering subsystems at path C:/Users/Mandy/Documents/GitHub/race-game/RacingGame/Assets
GfxDevice: creating device client; threaded=0
Direct3D:
    Version:  Direct3D 11.0 [level 11.1]
    Renderer: Intel(R) HD Graphics Family (ID=0xa16)
    Vendor:   
    VRAM:     1988 MB
    Driver:   20.19.15.4531
Initialize mono
Mono path[0] = 'C:/Program Files/Unity/Hub/Editor/2020.3.15f2/Editor/Data/Managed'
Mono path[1] = 'C:/Program Files/Unity/Hub/Editor/2020.3.15f2/Editor/Data/MonoBleedingEdge/lib/mono/unityjit'
Mono config path = 'C:/Program Files/Unity/Hub/Editor/2020.3.15f2/Editor/Data/MonoBleedingEdge/etc'
Using monoOptions --debugger-agent=transport=dt_socket,embedding=1,server=y,suspend=n,address=127.0.0.1:56680
Begin MonoManager ReloadAssembly
Registering precompiled unity dll's ...
Register platform support module: C:/Program Files/Unity/Hub/Editor/2020.3.15f2/Editor/Data/PlaybackEngines/WindowsStandaloneSupport/UnityEditor.WindowsStandalone.Extensions.dll
Registered in 0.003428 seconds.
Native extension for WindowsStandalone target not found
Refreshing native plugins compatible for Editor in 118.11 ms, found 3 plugins.
Preloading 0 native plugins for Editor in 0.00 ms.
Mono: successfully reloaded assembly
- Completed reload, in  7.900 seconds
Domain Reload Profiling:
	ReloadAssembly (7900ms)
		BeginReloadAssembly (213ms)
			ExecutionOrderSort (0ms)
			DisableScriptedObjects (0ms)
			BackupInstance (0ms)
			ReleaseScriptingObjects (0ms)
			CreateAndSetChildDomain (2ms)
		EndReloadAssembly (1073ms)
			LoadAssemblies (210ms)
			RebuildTransferFunctionScriptingTraits (0ms)
			SetupTypeCache (400ms)
			ReleaseScriptCaches (0ms)
			RebuildScriptCaches (92ms)
			SetupLoadedEditorAssemblies (422ms)
				LogAssemblyErrors (0ms)
				InitializePlatformSupportModulesInManaged (7ms)
				SetLoadedEditorAssemblies (1ms)
				RefreshPlugins (118ms)
				BeforeProcessingInitializeOnLoad (53ms)
				ProcessInitializeOnLoadAttributes (175ms)
				ProcessInitializeOnLoadMethodAttributes (67ms)
				AfterProcessingInitializeOnLoad (0ms)
				EditorAssembliesLoaded (0ms)
			ExecutionOrderSort2 (0ms)
			AwakeInstancesAfterBackupRestoration (0ms)
Platform modules already initialized, skipping
Registering precompiled user dll's ...
Registered in 0.016662 seconds.
Begin MonoManager ReloadAssembly
Native extension for WindowsStandalone target not found
Refreshing native plugins compatible for Editor in 82.32 ms, found 3 plugins.
Preloading 0 native plugins for Editor in 0.00 ms.
Mono: successfully reloaded assembly
- Completed reload, in  6.431 seconds
Domain Reload Profiling:
	ReloadAssembly (6446ms)
		BeginReloadAssembly (343ms)
			ExecutionOrderSort (0ms)
			DisableScriptedObjects (11ms)
			BackupInstance (0ms)
			ReleaseScriptingObjects (0ms)
			CreateAndSetChildDomain (45ms)
		EndReloadAssembly (5958ms)
			LoadAssemblies (3637ms)
			RebuildTransferFunctionScriptingTraits (0ms)
			SetupTypeCache (673ms)
			ReleaseScriptCaches (1ms)
			RebuildScriptCaches (76ms)
			SetupLoadedEditorAssemblies (1166ms)
				LogAssemblyErrors (1ms)
				InitializePlatformSupportModulesInManaged (19ms)
				SetLoadedEditorAssemblies (0ms)
				RefreshPlugins (82ms)
				BeforeProcessingInitializeOnLoad (163ms)
				ProcessInitializeOnLoadAttributes (850ms)
				ProcessInitializeOnLoadMethodAttributes (43ms)
				AfterProcessingInitializeOnLoad (8ms)
				EditorAssembliesLoaded (0ms)
			ExecutionOrderSort2 (0ms)
			AwakeInstancesAfterBackupRestoration (9ms)
Platform modules already initialized, skipping
========================================================================
Worker process is ready to serve import requests
Launched and connected shader compiler UnityShaderCompiler.exe after 0.27 seconds
Refreshing native plugins compatible for Editor in 1.34 ms, found 3 plugins.
Preloading 0 native plugins for Editor in 0.00 ms.
Unloading 2090 Unused Serialized files (Serialized files now loaded: 0)
System memory in use before: 93.2 MB.
System memory in use after: 93.1 MB.

Unloading 33 unused Assets to reduce memory usage. Loaded Objects now: 2523.
Total: 22.331600 ms (FindLiveObjects: 0.411900 ms CreateObjectMapping: 0.252500 ms MarkObjects: 20.958200 ms  DeleteObjects: 0.706200 ms)

AssetImportParameters requested are different than current active one (requested -> active):
  custom:framework-win-MediaFoundation: 216162199b28c13a410421893ffa2e32 -> 
  custom:video-decoder-ogg-theora: a1e56fd34408186e4bbccfd4996cb3dc -> 
  custom:container-muxer-webm: aa71ff27fc2769a1b78a27578f13a17b -> 
  custom:container-demuxer-webm: 4f35f7cbe854078d1ac9338744f61a02 -> 
  custom:container-demuxer-ogg: 62fdf1f143b41e24485cea50d1cbac27 -> 
  custom:video-encoder-webm-vp8: eb34c28f22e8b96e1ab97ce403110664 -> 
  custom:video-decoder-webm-vp8: 9c59270c3fd7afecdb556c50c9e8de78 -> 
  custom:audio-decoder-ogg-vorbis: bf7c407c2cedff20999df2af8eb42d56 -> 
  custom:audio-encoder-webm-vorbis: bf7c407c2cedff20999df2af8eb42d56 -> 
========================================================================
Received Import Request.
  path: Assets/Scenes/PoliceCruiser.png
  artifactKey: Guid(58b843eeaa9a0cd459c1c11a478811bc) Importer(815301076,1909f56bfc062723c751e8b465ee728b)
Start importing Assets/Scenes/PoliceCruiser.png using Guid(58b843eeaa9a0cd459c1c11a478811bc) Importer(815301076,1909f56bfc062723c751e8b465ee728b)  -> (artifact id: 'e05fac581794eb4998d38837887f6c4f') in 0.286715 seconds 
  Import took 0.294810 seconds .

========================================================================
Received Import Request.
  Time since last request: 0.000430 seconds.
  path: Assets/Scenes/Bus.png
  artifactKey: Guid(4de1951fcefe13b44a38b645b57a6609) Importer(815301076,1909f56bfc062723c751e8b465ee728b)
Start importing Assets/Scenes/Bus.png using Guid(4de1951fcefe13b44a38b645b57a6609) Importer(815301076,1909f56bfc062723c751e8b465ee728b)  -> (artifact id: '56a0ee792dcef5c0a009a10295ccbc6e') in 0.222150 seconds 
  Import took 0.233115 seconds .

========================================================================
Received Import Request.
  Time since last request: 0.000343 seconds.
  path: Assets/Scenes/Motorcycle.png
  artifactKey: Guid(cc1d7ba44a3ea4142ab9d47b2dc45064) Importer(815301076,1909f56bfc062723c751e8b465ee728b)
Start importing Assets/Scenes/Motorcycle.png using Guid(cc1d7ba44a3ea4142ab9d47b2dc45064) Importer(815301076,1909f56bfc062723c751e8b465ee728b)  -> (artifact id: '6a836357f1c532b87d9b19b6b3fd5b66') in 0.100157 seconds 
  Import took 0.109281 seconds .

========================================================================
Received Import Request.
  Time since last request: 0.000265 seconds.
  path: Assets/Scenes/MonsterTruck.png
  artifactKey: Guid(11b9f9426a49a7d4eb9a386d11f5ad63) Importer(815301076,1909f56bfc062723c751e8b465ee728b)
Start importing Assets/Scenes/MonsterTruck.png using Guid(11b9f9426a49a7d4eb9a386d11f5ad63) Importer(815301076,1909f56bfc062723c751e8b465ee728b)  -> (artifact id: '75dfe9d615d627b4693bb136b65fd34e') in 0.061219 seconds 
  Import took 0.067403 seconds .

========================================================================
Received Import Request.
  Time since last request: 0.000330 seconds.
  path: Assets/Scenes/RaceCar.png
  artifactKey: Guid(eed07f27590cccd499ab9b89a1333577) Importer(815301076,1909f56bfc062723c751e8b465ee728b)
Start importing Assets/Scenes/RaceCar.png using Guid(eed07f27590cccd499ab9b89a1333577) Importer(815301076,1909f56bfc062723c751e8b465ee728b)  -> (artifact id: '7ea84afd743a84bbba0826b7a102a3f2') in 0.081201 seconds 
  Import took 0.088482 seconds .

========================================================================
Received Import Request.
  Time since last request: 0.000324 seconds.
  path: Assets/Scenes/RoadBackground.jpg
  artifactKey: Guid(99ade9bd2b21684498f3ea3fd030416b) Importer(815301076,1909f56bfc062723c751e8b465ee728b)
Start importing Assets/Scenes/RoadBackground.jpg using Guid(99ade9bd2b21684498f3ea3fd030416b) Importer(815301076,1909f56bfc062723c751e8b465ee728b)  -> (artifact id: '28d4c684495032c83f7def3971ed30ac') in 0.094350 seconds 
  Import took 0.101613 seconds .

========================================================================
Received Import Request.
  Time since last request: 0.000296 seconds.
  path: Assets/Scenes
  artifactKey: Guid(9271722d6316f044f9caf3a5d0a3730f) Importer(815301076,1909f56bfc062723c751e8b465ee728b)
Start importing Assets/Scenes using Guid(9271722d6316f044f9caf3a5d0a3730f) Importer(815301076,1909f56bfc062723c751e8b465ee728b)  -> (artifact id: '2453fbce2d0a0c42f8ef8224cb36bb09') in 0.015600 seconds 
  Import took 0.023591 seconds .

========================================================================
Received Import Request.
  Time since last request: 0.000730 seconds.
  path: Assets/Scenes/Stone.png
  artifactKey: Guid(81cf33b9d7130ea47a8c0129691c6e50) Importer(815301076,1909f56bfc062723c751e8b465ee728b)
Start importing Assets/Scenes/Stone.png using Guid(81cf33b9d7130ea47a8c0129691c6e50) Importer(815301076,1909f56bfc062723c751e8b465ee728b)  -> (artifact id: '561dad585e28bb3d5193e271d885e936') in 0.069132 seconds 
  Import took 0.076336 seconds .

========================================================================
Received Import Request.
  Time since last request: 0.000391 seconds.
  path: Assets/Scenes/Bullet.png
  artifactKey: Guid(cede99b8859f49045b9ec2b3fd23a105) Importer(815301076,1909f56bfc062723c751e8b465ee728b)
Start importing Assets/Scenes/Bullet.png using Guid(cede99b8859f49045b9ec2b3fd23a105) Importer(815301076,1909f56bfc062723c751e8b465ee728b)  -> (artifact id: 'deba308bdde95554effd64e141ac97ea') in 0.063931 seconds 
  Import took 0.072955 seconds .

========================================================================
Received Import Request.
  Time since last request: 3.820973 seconds.
  path: Assets/Scenes/SampleScene.unity
  artifactKey: Guid(2cda990e2423bbf4892e6590ba056729) Importer(815301076,1909f56bfc062723c751e8b465ee728b)
Start importing Assets/Scenes/SampleScene.unity using Guid(2cda990e2423bbf4892e6590ba056729) Importer(815301076,1909f56bfc062723c751e8b465ee728b)  -> (artifact id: 'bbcec6d91f6504054b88afcad028e24a') in 0.025619 seconds 
  Import took 0.032507 seconds .

========================================================================
Received Import Request.
  Time since last request: 5.807414 seconds.
  path: Assets/Scenes/Game.unity
  artifactKey: Guid(2cda990e2423bbf4892e6590ba056729) Importer(815301076,1909f56bfc062723c751e8b465ee728b)
Start importing Assets/Scenes/Game.unity using Guid(2cda990e2423bbf4892e6590ba056729) Importer(815301076,1909f56bfc062723c751e8b465ee728b)  -> (artifact id: '17bfb32eef97ac2f18bfece5b0a0c595') in 0.053534 seconds 
  Import took 0.059342 seconds .

========================================================================
Received Import Request.
  Time since last request: 6.998185 seconds.
  path: Assets
  artifactKey: Guid(00000000000000001000000000000000) Importer(815301076,1909f56bfc062723c751e8b465ee728b)
Start importing Assets using Guid(00000000000000001000000000000000) Importer(815301076,1909f56bfc062723c751e8b465ee728b)  -> (artifact id: '42d402b061de3733987d63b9cc3b64de') in 0.020605 seconds 
  Import took 0.029116 seconds .

========================================================================
Received Import Request.
  Time since last request: 0.001359 seconds.
  path: Assets
  artifactKey: Guid(00000000000000001000000000000000) Importer(815301076,1909f56bfc062723c751e8b465ee728b)
Start importing Assets using Guid(00000000000000001000000000000000) Importer(815301076,1909f56bfc062723c751e8b465ee728b)  -> (artifact id: '42d402b061de3733987d63b9cc3b64de') in 0.006000 seconds 
  Import took 0.015948 seconds .

========================================================================
Received Import Request.
  Time since last request: 2.568859 seconds.
  path: Assets/Scripts
  artifactKey: Guid(e5375cf0fea907a41b56a34d6f7eda7d) Importer(815301076,1909f56bfc062723c751e8b465ee728b)
Start importing Assets/Scripts using Guid(e5375cf0fea907a41b56a34d6f7eda7d) Importer(815301076,1909f56bfc062723c751e8b465ee728b)  -> (artifact id: '17a34d7be51097fafec1db36245a2d38') in 0.022087 seconds 
  Import took 0.031344 seconds .

========================================================================
Received Import Request.
  Time since last request: 3.515939 seconds.
  path: Assets/Audio
  artifactKey: Guid(b8006d37ea26c454abc9095af95b4da3) Importer(815301076,1909f56bfc062723c751e8b465ee728b)
Start importing Assets/Audio using Guid(b8006d37ea26c454abc9095af95b4da3) Importer(815301076,1909f56bfc062723c751e8b465ee728b)  -> (artifact id: 'd7979028769a2779c1cab058377c904a') in 0.021021 seconds 
  Import took 0.028345 seconds .

========================================================================
Received Import Request.
  Time since last request: 7.196776 seconds.
  path: Assets/Audio/BGM
  artifactKey: Guid(6e12843e4f314df42947e43abce8b09e) Importer(815301076,1909f56bfc062723c751e8b465ee728b)
Start importing Assets/Audio/BGM using Guid(6e12843e4f314df42947e43abce8b09e) Importer(815301076,1909f56bfc062723c751e8b465ee728b)  -> (artifact id: '22c64ecbdce83f0404ba99ca2d338248') in 0.036361 seconds 
  Import took 0.051581 seconds .

========================================================================
Received Import Request.
  Time since last request: 9.151616 seconds.
  path: Assets/Audio/SFX
  artifactKey: Guid(65817370d6eb2c2419733a59f89d13f3) Importer(815301076,1909f56bfc062723c751e8b465ee728b)
Start importing Assets/Audio/SFX using Guid(65817370d6eb2c2419733a59f89d13f3) Importer(815301076,1909f56bfc062723c751e8b465ee728b)  -> (artifact id: 'd5f885a2ea5be99dcb1fb64a64f29517') in 0.022234 seconds 
  Import took 0.030839 seconds .

========================================================================
Received Import Request.
  Time since last request: 7.415166 seconds.
  path: Assets/Visual Effects
  artifactKey: Guid(5034c632897f2a3498d7629fb96e1844) Importer(815301076,1909f56bfc062723c751e8b465ee728b)
Start importing Assets/Visual Effects using Guid(5034c632897f2a3498d7629fb96e1844) Importer(815301076,1909f56bfc062723c751e8b465ee728b)  -> (artifact id: '0820dfb6837c7a75f4573f722101e862') in 0.024853 seconds 
  Import took 0.031414 seconds .

========================================================================
Received Import Request.
  Time since last request: 30.281682 seconds.
  path: Assets/Background
  artifactKey: Guid(8f0d29a857cd42d44ac09100fca44506) Importer(815301076,1909f56bfc062723c751e8b465ee728b)
Start importing Assets/Background using Guid(8f0d29a857cd42d44ac09100fca44506) Importer(815301076,1909f56bfc062723c751e8b465ee728b)  -> (artifact id: 'c6a347d3653a628a23d68148e3f6c77b') in 0.023351 seconds 
  Import took 0.033343 seconds .

========================================================================
Received Import Request.
  Time since last request: 1.114334 seconds.
  path: Assets/Sprites
  artifactKey: Guid(f083922d73c768746b020807e53e5e3d) Importer(815301076,1909f56bfc062723c751e8b465ee728b)
Start importing Assets/Sprites using Guid(f083922d73c768746b020807e53e5e3d) Importer(815301076,1909f56bfc062723c751e8b465ee728b)  -> (artifact id: '81886dbf7cf347b5a48a5e651979402b') in 0.022734 seconds 
  Import took 0.030840 seconds .

========================================================================
Received Import Request.
  Time since last request: 56.571454 seconds.
  path: Assets/Prefabs
  artifactKey: Guid(faee4439ce48ff042b37d607a429a6cc) Importer(815301076,1909f56bfc062723c751e8b465ee728b)
Start importing Assets/Prefabs using Guid(faee4439ce48ff042b37d607a429a6cc) Importer(815301076,1909f56bfc062723c751e8b465ee728b)  -> (artifact id: 'd52f27f5d4c1207eb05a4661f243ed5a') in 0.023348 seconds 
  Import took 0.034014 seconds .

========================================================================
Received Import Request.
  Time since last request: 0.001540 seconds.
  path: Assets/Prefabs
  artifactKey: Guid(faee4439ce48ff042b37d607a429a6cc) Importer(815301076,1909f56bfc062723c751e8b465ee728b)
Start importing Assets/Prefabs using Guid(faee4439ce48ff042b37d607a429a6cc) Importer(815301076,1909f56bfc062723c751e8b465ee728b)  -> (artifact id: 'd52f27f5d4c1207eb05a4661f243ed5a') in 0.010272 seconds 
  Import took 0.023958 seconds .

========================================================================
Received Import Request.
  Time since last request: 6.061514 seconds.
  path: Assets/Path Prefabs
  artifactKey: Guid(521ac21027ed5f444a544e201e5fd308) Importer(815301076,1909f56bfc062723c751e8b465ee728b)
Start importing Assets/Path Prefabs using Guid(521ac21027ed5f444a544e201e5fd308) Importer(815301076,1909f56bfc062723c751e8b465ee728b)  -> (artifact id: '87b15e7d78a96bb328a268b442b65618') in 0.020034 seconds 
  Import took 0.032730 seconds .

